Arguments: 
  C:\Program Files\nodejs\node.exe C:\Users\Luke\AppData\Roaming\npm\node_modules\yarn\bin\yarn.js add --dev plexjs

PATH: 
  C:\Python311\Scripts\;C:\Python311\;C:\Windows\system32;C:\Windows;C:\Windows\System32\Wbem;C:\Windows\System32\WindowsPowerShell\v1.0\;C:\Windows\System32\OpenSSH\;C:\Program Files (x86)\NVIDIA Corporation\PhysX\Common;C:\Program Files\NVIDIA Corporation\NVIDIA NvDLISR;C:\Program Files\nodejs\;C:\ProgramData\chocolatey\bin;C:\Program Files\Git\cmd;C:\Program Files\Docker\Docker\resources\bin;C:\Program Files\Go\bin;C:\Users\Luke\.console-ninja\.bin;C:\Users\Luke\AppData\Local\Microsoft\WindowsApps;C:\Users\Luke\AppData\Local\Programs\Microsoft VS Code\bin;C:\Users\Luke\AppData\Local\GitHubDesktop\bin;C:\Users\Luke\go\bin;C:\Users\Luke\AppData\Roaming\npm;C:\Users\Luke\go\bin

Yarn version: 
  1.22.19

Node version: 
  18.14.2

Platform: 
  win32 x64

Trace: 
  Error: https://registry.yarnpkg.com/plexjs: Not found
      at params.callback [as _callback] (C:\Users\Luke\AppData\Roaming\npm\node_modules\yarn\lib\cli.js:66145:18)
      at self.callback (C:\Users\Luke\AppData\Roaming\npm\node_modules\yarn\lib\cli.js:140890:22)
      at Request.emit (node:events:513:28)
      at Request.<anonymous> (C:\Users\Luke\AppData\Roaming\npm\node_modules\yarn\lib\cli.js:141862:10)
      at Request.emit (node:events:513:28)
      at IncomingMessage.<anonymous> (C:\Users\Luke\AppData\Roaming\npm\node_modules\yarn\lib\cli.js:141784:12)
      at Object.onceWrapper (node:events:627:28)
      at IncomingMessage.emit (node:events:525:35)
      at endReadableNT (node:internal/streams/readable:1359:12)
      at process.processTicksAndRejections (node:internal/process/task_queues:82:21)

npm manifest: 
  {
    "name": "examples",
    "version": "1.0.0",
    "description": "Examples using the plexjs package",
    "main": "index.js",
    "scripts": {
      "dev": "npx ts-node index.ts",
      "test": "echo \"Error: no test specified\" && exit 1"
    },
    "author": "lukehagar",
    "license": "MIT"
  }

yarn manifest: 
  No manifest

Lockfile: 
  No lockfile
